<?xml version="1.0" encoding="UTF-8"?>
<testsuite name="com.example.msa.rest.MemberControllerTest" tests="1" skipped="0" failures="0" errors="0" timestamp="2020-03-24T15:12:54" hostname="DESKTOP-70LUPFP" time="0.49">
  <properties/>
  <testcase name="신규_회원_등록()" classname="com.example.msa.rest.MemberControllerTest" time="0.49"/>
  <system-out><![CDATA[00:12:45.637 [Test worker] DEBUG org.springframework.test.context.BootstrapUtils - Instantiating CacheAwareContextLoaderDelegate from class [org.springframework.test.context.cache.DefaultCacheAwareContextLoaderDelegate]
00:12:45.674 [Test worker] DEBUG org.springframework.test.context.BootstrapUtils - Instantiating BootstrapContext using constructor [public org.springframework.test.context.support.DefaultBootstrapContext(java.lang.Class,org.springframework.test.context.CacheAwareContextLoaderDelegate)]
00:12:45.738 [Test worker] DEBUG org.springframework.test.context.BootstrapUtils - Instantiating TestContextBootstrapper for test class [com.example.msa.rest.MemberControllerTest] from class [org.springframework.boot.test.autoconfigure.web.servlet.WebMvcTestContextBootstrapper]
00:12:45.770 [Test worker] INFO org.springframework.boot.test.autoconfigure.web.servlet.WebMvcTestContextBootstrapper - Neither @ContextConfiguration nor @ContextHierarchy found for test class [com.example.msa.rest.MemberControllerTest], using SpringBootContextLoader
00:12:45.779 [Test worker] DEBUG org.springframework.test.context.support.AbstractContextLoader - Did not detect default resource location for test class [com.example.msa.rest.MemberControllerTest]: class path resource [com/example/msa/rest/MemberControllerTest-context.xml] does not exist
00:12:45.780 [Test worker] DEBUG org.springframework.test.context.support.AbstractContextLoader - Did not detect default resource location for test class [com.example.msa.rest.MemberControllerTest]: class path resource [com/example/msa/rest/MemberControllerTestContext.groovy] does not exist
00:12:45.781 [Test worker] INFO org.springframework.test.context.support.AbstractContextLoader - Could not detect default resource locations for test class [com.example.msa.rest.MemberControllerTest]: no resource found for suffixes {-context.xml, Context.groovy}.
00:12:45.783 [Test worker] INFO org.springframework.test.context.support.AnnotationConfigContextLoaderUtils - Could not detect default configuration classes for test class [com.example.msa.rest.MemberControllerTest]: MemberControllerTest does not declare any static, non-private, non-final, nested classes annotated with @Configuration.
00:12:45.994 [Test worker] DEBUG org.springframework.test.context.support.ActiveProfilesUtils - Could not find an 'annotation declaring class' for annotation type [org.springframework.test.context.ActiveProfiles] and class [com.example.msa.rest.MemberControllerTest]
00:12:46.300 [Test worker] DEBUG org.springframework.context.annotation.ClassPathScanningCandidateComponentProvider - Identified candidate component class: file [C:\dev\workspace-s2s\msa-coffee\msa-coffee-member\build\classes\java\main\com\example\msa\MemberApplication.class]
00:12:46.303 [Test worker] INFO org.springframework.boot.test.context.SpringBootTestContextBootstrapper - Found @SpringBootConfiguration com.example.msa.MemberApplication for test class com.example.msa.rest.MemberControllerTest
00:12:46.309 [Test worker] DEBUG org.springframework.boot.test.autoconfigure.web.servlet.WebMvcTestContextBootstrapper - @TestExecutionListeners is not present for class [com.example.msa.rest.MemberControllerTest]: using defaults.
00:12:46.315 [Test worker] INFO org.springframework.boot.test.autoconfigure.web.servlet.WebMvcTestContextBootstrapper - Loaded default TestExecutionListener class names from location [META-INF/spring.factories]: [org.springframework.boot.test.autoconfigure.restdocs.RestDocsTestExecutionListener, org.springframework.boot.test.autoconfigure.web.client.MockRestServiceServerResetTestExecutionListener, org.springframework.boot.test.autoconfigure.web.servlet.MockMvcPrintOnlyOnFailureTestExecutionListener, org.springframework.boot.test.autoconfigure.web.servlet.WebDriverTestExecutionListener, org.springframework.boot.test.mock.mockito.MockitoTestExecutionListener, org.springframework.boot.test.mock.mockito.ResetMocksTestExecutionListener, org.springframework.test.context.web.ServletTestExecutionListener, org.springframework.test.context.support.DirtiesContextBeforeModesTestExecutionListener, org.springframework.test.context.support.DependencyInjectionTestExecutionListener, org.springframework.test.context.support.DirtiesContextTestExecutionListener, org.springframework.test.context.transaction.TransactionalTestExecutionListener, org.springframework.test.context.jdbc.SqlScriptsTestExecutionListener, org.springframework.test.context.event.EventPublishingTestExecutionListener]
00:12:46.377 [Test worker] INFO org.springframework.boot.test.autoconfigure.web.servlet.WebMvcTestContextBootstrapper - Using TestExecutionListeners: [org.springframework.test.context.web.ServletTestExecutionListener@2cfe8f11, org.springframework.test.context.support.DirtiesContextBeforeModesTestExecutionListener@1adae117, org.springframework.boot.test.mock.mockito.MockitoTestExecutionListener@3434f093, org.springframework.boot.test.autoconfigure.SpringBootDependencyInjectionTestExecutionListener@5f6f32d3, org.springframework.test.context.support.DirtiesContextTestExecutionListener@731a828, org.springframework.test.context.transaction.TransactionalTestExecutionListener@4a2e2380, org.springframework.test.context.jdbc.SqlScriptsTestExecutionListener@598de23e, org.springframework.test.context.event.EventPublishingTestExecutionListener@7fd2aa76, org.springframework.boot.test.autoconfigure.restdocs.RestDocsTestExecutionListener@75283d4c, org.springframework.boot.test.autoconfigure.web.client.MockRestServiceServerResetTestExecutionListener@4ea1324a, org.springframework.boot.test.autoconfigure.web.servlet.MockMvcPrintOnlyOnFailureTestExecutionListener@788bb5b2, org.springframework.boot.test.autoconfigure.web.servlet.WebDriverTestExecutionListener@12e031cf, org.springframework.boot.test.mock.mockito.ResetMocksTestExecutionListener@2696ac82]
00:12:46.391 [Test worker] DEBUG org.springframework.test.context.support.AbstractDirtiesContextTestExecutionListener - Before test class: context [DefaultTestContext@13e834d2 testClass = MemberControllerTest, testInstance = [null], testMethod = [null], testException = [null], mergedContextConfiguration = [WebMergedContextConfiguration@36f338a9 testClass = MemberControllerTest, locations = '{}', classes = '{class com.example.msa.MemberApplication}', contextInitializerClasses = '[]', activeProfiles = '{}', propertySourceLocations = '{}', propertySourceProperties = '{org.springframework.boot.test.autoconfigure.web.servlet.WebMvcTestContextBootstrapper=true}', contextCustomizers = set[org.springframework.boot.test.autoconfigure.OverrideAutoConfigurationContextCustomizerFactory$DisableAutoConfigurationContextCustomizer@2a53fa5a, org.springframework.boot.test.autoconfigure.filter.TypeExcludeFiltersContextCustomizer@dad646cd, org.springframework.boot.test.autoconfigure.properties.PropertyMappingContextCustomizer@da010111, org.springframework.boot.test.autoconfigure.web.servlet.WebDriverContextCustomizerFactory$Customizer@20e0d9f, [ImportsContextCustomizer@65e7b6dc key = [org.springframework.boot.autoconfigure.cache.CacheAutoConfiguration, org.springframework.boot.autoconfigure.context.MessageSourceAutoConfiguration, org.springframework.boot.autoconfigure.data.web.SpringDataWebAutoConfiguration, org.springframework.boot.autoconfigure.freemarker.FreeMarkerAutoConfiguration, org.springframework.boot.autoconfigure.groovy.template.GroovyTemplateAutoConfiguration, org.springframework.boot.autoconfigure.gson.GsonAutoConfiguration, org.springframework.boot.autoconfigure.hateoas.HypermediaAutoConfiguration, org.springframework.boot.autoconfigure.http.HttpMessageConvertersAutoConfiguration, org.springframework.boot.autoconfigure.jackson.JacksonAutoConfiguration, org.springframework.boot.autoconfigure.jsonb.JsonbAutoConfiguration, org.springframework.boot.autoconfigure.mustache.MustacheAutoConfiguration, org.springframework.boot.autoconfigure.task.TaskExecutionAutoConfiguration, org.springframework.boot.autoconfigure.thymeleaf.ThymeleafAutoConfiguration, org.springframework.boot.autoconfigure.validation.ValidationAutoConfiguration, org.springframework.boot.autoconfigure.web.servlet.error.ErrorMvcAutoConfiguration, org.springframework.boot.autoconfigure.web.servlet.WebMvcAutoConfiguration, org.springframework.boot.test.autoconfigure.web.servlet.MockMvcAutoConfiguration, org.springframework.boot.test.autoconfigure.web.servlet.MockMvcWebClientAutoConfiguration, org.springframework.boot.test.autoconfigure.web.servlet.MockMvcWebDriverAutoConfiguration, org.springframework.boot.autoconfigure.security.servlet.SecurityAutoConfiguration, org.springframework.boot.autoconfigure.security.servlet.UserDetailsServiceAutoConfiguration, org.springframework.boot.test.autoconfigure.web.servlet.MockMvcSecurityConfiguration]], org.springframework.boot.test.context.filter.ExcludeFilterContextCustomizer@51176bf8, org.springframework.boot.test.json.DuplicateJsonObjectContextCustomizerFactory$DuplicateJsonObjectContextCustomizer@5c79fd49, org.springframework.boot.test.mock.mockito.MockitoContextCustomizer@480628da], resourceBasePath = 'src/main/webapp', contextLoader = 'org.springframework.boot.test.context.SpringBootContextLoader', parent = [null]], attributes = map[[empty]]], class annotated with @DirtiesContext [false] with mode [null].
00:12:46.670 [Test worker] DEBUG org.springframework.test.context.support.TestPropertySourceUtils - Adding inlined properties to environment: {spring.jmx.enabled=false, org.springframework.boot.test.autoconfigure.web.servlet.WebMvcTestContextBootstrapper=true, server.port=-1}

  .   ____          _            __ _ _
 /\\ / ___'_ __ _ _(_)_ __  __ _ \ \ \ \
( ( )\___ | '_ | '_| | '_ \/ _` | \ \ \ \
 \\/  ___)| |_)| | | | | || (_| |  ) ) ) )
  '  |____| .__|_| |_|_| |_\__, | / / / /
 =========|_|==============|___/=/_/_/_/
 :: Spring Boot ::        (v2.2.5.RELEASE)

2020-03-25 00:12:47.572  INFO 20368 --- [    Test worker] c.example.msa.rest.MemberControllerTest  : Starting MemberControllerTest on DESKTOP-70LUPFP with PID 20368 (started by LGCNS in C:\dev\workspace-s2s\msa-coffee\msa-coffee-member)
2020-03-25 00:12:47.574 DEBUG 20368 --- [    Test worker] c.example.msa.rest.MemberControllerTest  : Running with Spring Boot v2.2.5.RELEASE, Spring v5.2.4.RELEASE
2020-03-25 00:12:47.574  INFO 20368 --- [    Test worker] c.example.msa.rest.MemberControllerTest  : The following profiles are active: local
2020-03-25 00:12:51.958  INFO 20368 --- [    Test worker] pertySourcedRequestMappingHandlerMapping : Mapped URL path [/v2/api-docs] onto method [springfox.documentation.swagger2.web.Swagger2Controller#getDocumentation(String, HttpServletRequest)]
2020-03-25 00:12:52.357  INFO 20368 --- [    Test worker] o.s.s.concurrent.ThreadPoolTaskExecutor  : Initializing ExecutorService 'applicationTaskExecutor'
2020-03-25 00:12:53.098  INFO 20368 --- [    Test worker] o.s.b.t.m.w.SpringBootMockServletContext : Initializing Spring TestDispatcherServlet ''
2020-03-25 00:12:53.099  INFO 20368 --- [    Test worker] o.s.t.web.servlet.TestDispatcherServlet  : Initializing Servlet ''
2020-03-25 00:12:53.143  INFO 20368 --- [    Test worker] o.s.t.web.servlet.TestDispatcherServlet  : Completed initialization in 44 ms
2020-03-25 00:12:53.261  INFO 20368 --- [    Test worker] d.s.w.p.DocumentationPluginsBootstrapper : Context refreshed
2020-03-25 00:12:53.330  INFO 20368 --- [    Test worker] d.s.w.p.DocumentationPluginsBootstrapper : Found 1 custom documentation plugin(s)
2020-03-25 00:12:53.461  INFO 20368 --- [    Test worker] s.d.s.w.s.ApiListingReferenceScanner     : Scanning for api listing references
2020-03-25 00:12:53.983  INFO 20368 --- [    Test worker] c.example.msa.rest.MemberControllerTest  : Started MemberControllerTest in 7.294 seconds (JVM running for 11.186)
]]></system-out>
  <system-err><![CDATA[]]></system-err>
</testsuite>
